<?xml version="1.0" encoding="UTF-8"?>
<!-- Generated by org.testng.reporters.JUnitXMLReporter -->
<testsuite hostname="Twin-Turbo" failures="0" tests="3" name="IRCC_Selenium_Demo" time="17.497" errors="0" timestamp="9 May 2024 13:50:49 GMT">
  <testcase classname="TestKonsbergGeospatial" name="checkInquiryForm" time="3.606"/>
  <testcase classname="TestKonsbergGeospatial" name="checkInquiryForm" time="4.178"/>
  <testcase classname="TestKonsbergGeospatial" name="checkInquiryForm" time="3.558"/>
</testsuite> <!-- IRCC_Selenium_Demo -->
