<?xml version="1.0" encoding="UTF-8"?>
<testng-results total="3" passed="3" failed="0" skipped="0">
  <reporter-output>
  </reporter-output>
  <suite started-at="2024-05-09T13:50:31Z" name="Default Suite" finished-at="2024-05-09T13:50:49Z" duration-ms="17497">
    <groups>
    </groups>
    <test started-at="2024-05-09T13:50:31Z" name="IRCC_Selenium_Demo" finished-at="2024-05-09T13:50:49Z" duration-ms="17497">
      <class name="TestKonsbergGeospatial">
        <test-method is-config="true" signature="initialize()[pri:0, instance:TestKonsbergGeospatial@10dba097]" started-at="2024-05-09T09:50:31Z" name="initialize" finished-at="2024-05-09T09:50:33Z" duration-ms="2278" status="PASS">
          <reporter-output>
          </reporter-output>
        </test-method> <!-- initialize -->
        <test-method signature="checkInquiryForm(java.lang.String, java.lang.String)[pri:0, instance:TestKonsbergGeospatial@10dba097]" started-at="2024-05-09T09:50:33Z" name="checkInquiryForm" data-provider="TestData" finished-at="2024-05-09T09:50:37Z" duration-ms="3606" status="PASS">
          <params>
            <param index="0">
              <value>
                <![CDATA[Car]]>
              </value>
            </param>
            <param index="1">
              <value>
                <![CDATA[Bike]]>
              </value>
            </param>
          </params>
          <reporter-output>
          </reporter-output>
        </test-method> <!-- checkInquiryForm -->
        <test-method is-config="true" signature="tearDown()[pri:0, instance:TestKonsbergGeospatial@10dba097]" started-at="2024-05-09T09:50:37Z" name="tearDown" finished-at="2024-05-09T09:50:37Z" duration-ms="375" status="PASS">
          <reporter-output>
          </reporter-output>
        </test-method> <!-- tearDown -->
        <test-method is-config="true" signature="initialize()[pri:0, instance:TestKonsbergGeospatial@10dba097]" started-at="2024-05-09T09:50:37Z" name="initialize" finished-at="2024-05-09T09:50:38Z" duration-ms="1083" status="PASS">
          <reporter-output>
          </reporter-output>
        </test-method> <!-- initialize -->
        <test-method signature="checkInquiryForm(java.lang.String, java.lang.String)[pri:0, instance:TestKonsbergGeospatial@10dba097]" started-at="2024-05-09T09:50:38Z" name="checkInquiryForm" data-provider="TestData" finished-at="2024-05-09T09:50:43Z" duration-ms="4178" status="PASS">
          <params>
            <param index="0">
              <value>
                <![CDATA[Bus]]>
              </value>
            </param>
            <param index="1">
              <value>
                <![CDATA[Train]]>
              </value>
            </param>
          </params>
          <reporter-output>
          </reporter-output>
        </test-method> <!-- checkInquiryForm -->
        <test-method is-config="true" signature="tearDown()[pri:0, instance:TestKonsbergGeospatial@10dba097]" started-at="2024-05-09T09:50:43Z" name="tearDown" finished-at="2024-05-09T09:50:43Z" duration-ms="363" status="PASS">
          <reporter-output>
          </reporter-output>
        </test-method> <!-- tearDown -->
        <test-method is-config="true" signature="initialize()[pri:0, instance:TestKonsbergGeospatial@10dba097]" started-at="2024-05-09T09:50:43Z" name="initialize" finished-at="2024-05-09T09:50:45Z" duration-ms="1698" status="PASS">
          <reporter-output>
          </reporter-output>
        </test-method> <!-- initialize -->
        <test-method signature="checkInquiryForm(java.lang.String, java.lang.String)[pri:0, instance:TestKonsbergGeospatial@10dba097]" started-at="2024-05-09T09:50:45Z" name="checkInquiryForm" data-provider="TestData" finished-at="2024-05-09T09:50:48Z" duration-ms="3558" status="PASS">
          <params>
            <param index="0">
              <value>
                <![CDATA[Bike]]>
              </value>
            </param>
            <param index="1">
              <value>
                <![CDATA[Cycle]]>
              </value>
            </param>
          </params>
          <reporter-output>
          </reporter-output>
        </test-method> <!-- checkInquiryForm -->
        <test-method is-config="true" signature="tearDown()[pri:0, instance:TestKonsbergGeospatial@10dba097]" started-at="2024-05-09T09:50:48Z" name="tearDown" finished-at="2024-05-09T09:50:49Z" duration-ms="341" status="PASS">
          <reporter-output>
          </reporter-output>
        </test-method> <!-- tearDown -->
      </class> <!-- TestKonsbergGeospatial -->
    </test> <!-- IRCC_Selenium_Demo -->
  </suite> <!-- Default Suite -->
</testng-results>
